open file assets/css/bootstrap.min.css wrong
open file assets/css/slick.css wrong
open file assets/css/magnific-popup.css wrong
open file assets/css/theme-color/default-theme.css wrong
open file assets/js/bootstrap.min.js wrong
open file assets/js/slick.min.js wrong
open file assets/js/jquery.magnific-popup.min.js wrong
open file assets/js/jquery.filterizr.min.js wrong
open file assets/js/app.js wrong
open file assets/js/typed.min.js wrong
open file assets/js/jquery.appear.js wrong
open file assets/js/jquery.lineProgressbar.js wrong
open file assets/js/custom.js wrong
open file assets/images/profile.jpg wrong
open file assets/images/portfolio/img-1.jpeg wrong
open file assets/images/portfolio/img-2.jpeg wrong
open file assets/images/portfolio/img-3.jpeg wrong
open file assets/images/portfolio/img-4.jpeg wrong
open file assets/images/portfolio/img-5.jpeg wrong
open file assets/images/portfolio/img-6.jpeg wrong
open file assets/images/portfolio/img-7.jpg wrong
open file assets/images/portfolio/img-8.jpeg wrong
open file assets/images/portfolio/img-9.jpeg wrong
open file assets/images/testimonials-bg.jpeg wrong
open file assets/js/bootstrap.min.js wrong
open file assets/js/slick.min.js wrong
open file assets/js/jquery.filterizr.min.js wrong
open file assets/js/jquery.magnific-popup.min.js wrong
open file assets/js/app.js wrong
open file assets/js/typed.min.js wrong
open file assets/js/jquery.appear.js wrong
open file assets/js/jquery.lineProgressbar.js wrong
open file assets/js/custom.js wrong
open file assets/images/favicon.ico wrong
